Using pre-set license
Built from '2020.3/staging' branch; Version is '2020.3.30f1 (1fb1bf06830e) revision 2077119'; Using compiler version '192528614'; Build Type 'Release'
OS: 'Windows 10  (10.0.19044) 64bit CoreSingleLanguage' Language: 'pt' Physical Memory: 6043 MB
BatchMode: 1, IsHumanControllingUs: 0, StartBugReporterOnCrash: 0, Is64bit: 1, IsPro: 0

COMMAND LINE ARGUMENTS:
C:\Program Files\Unity\Hub\Editor\2020.3.30f1\Editor\Unity.exe
-adb2
-batchMode
-noUpm
-name
AssetImportWorker0
-projectPath
C:/Users/julli/Downloads/NavMeshStationStarter/NavMeshStationStarter
-logFile
Logs/AssetImportWorker0.log
-srvPort
65485
Successfully changed project path to: C:/Users/julli/Downloads/NavMeshStationStarter/NavMeshStationStarter
C:/Users/julli/Downloads/NavMeshStationStarter/NavMeshStationStarter
Using Asset Import Pipeline V2.
Refreshing native plugins compatible for Editor in 55.55 ms, found 2 plugins.
Preloading 0 native plugins for Editor in 0.00 ms.
Initialize engine version: 2020.3.30f1 (1fb1bf06830e)
[Subsystems] Discovering subsystems at path C:/Program Files/Unity/Hub/Editor/2020.3.30f1/Editor/Data/Resources/UnitySubsystems
[Subsystems] Discovering subsystems at path C:/Users/julli/Downloads/NavMeshStationStarter/NavMeshStationStarter/Assets
GfxDevice: creating device client; threaded=0
Direct3D:
    Version:  Direct3D 11.0 [level 11.1]
    Renderer: NVIDIA GeForce GTX 1050 (ID=0x1c8d)
    Vendor:   
    VRAM:     4019 MB
    Driver:   30.0.15.1215
Initialize mono
Mono path[0] = 'C:/Program Files/Unity/Hub/Editor/2020.3.30f1/Editor/Data/Managed'
Mono path[1] = 'C:/Program Files/Unity/Hub/Editor/2020.3.30f1/Editor/Data/MonoBleedingEdge/lib/mono/unityjit'
Mono config path = 'C:/Program Files/Unity/Hub/Editor/2020.3.30f1/Editor/Data/MonoBleedingEdge/etc'
Using monoOptions --debugger-agent=transport=dt_socket,embedding=1,server=y,suspend=n,address=127.0.0.1:56788
Begin MonoManager ReloadAssembly
Registering precompiled unity dll's ...
Register platform support module: C:/Program Files/Unity/Hub/Editor/2020.3.30f1/Editor/Data/PlaybackEngines/WebGLSupport/UnityEditor.WebGL.Extensions.dll
Register platform support module: C:/Program Files/Unity/Hub/Editor/2020.3.30f1/Editor/Data/PlaybackEngines/WindowsStandaloneSupport/UnityEditor.WindowsStandalone.Extensions.dll
Registered in 0.004647 seconds.
Native extension for WindowsStandalone target not found
Native extension for WebGL target not found
Refreshing native plugins compatible for Editor in 59.66 ms, found 2 plugins.
Preloading 0 native plugins for Editor in 0.00 ms.
Mono: successfully reloaded assembly
- Completed reload, in  1.190 seconds
Domain Reload Profiling:
	ReloadAssembly (1191ms)
		BeginReloadAssembly (277ms)
			ExecutionOrderSort (0ms)
			DisableScriptedObjects (0ms)
			BackupInstance (0ms)
			ReleaseScriptingObjects (0ms)
			CreateAndSetChildDomain (19ms)
		EndReloadAssembly (792ms)
			LoadAssemblies (223ms)
			RebuildTransferFunctionScriptingTraits (0ms)
			SetupTypeCache (253ms)
			ReleaseScriptCaches (0ms)
			RebuildScriptCaches (55ms)
			SetupLoadedEditorAssemblies (285ms)
				LogAssemblyErrors (0ms)
				InitializePlatformSupportModulesInManaged (9ms)
				SetLoadedEditorAssemblies (0ms)
				RefreshPlugins (60ms)
				BeforeProcessingInitializeOnLoad (25ms)
				ProcessInitializeOnLoadAttributes (138ms)
				ProcessInitializeOnLoadMethodAttributes (53ms)
				AfterProcessingInitializeOnLoad (0ms)
				EditorAssembliesLoaded (0ms)
			ExecutionOrderSort2 (0ms)
			AwakeInstancesAfterBackupRestoration (0ms)
Platform modules already initialized, skipping
Registering precompiled user dll's ...
Registered in 0.004933 seconds.
Begin MonoManager ReloadAssembly
Native extension for WindowsStandalone target not found
Native extension for WebGL target not found
Refreshing native plugins compatible for Editor in 0.51 ms, found 2 plugins.
Preloading 0 native plugins for Editor in 0.00 ms.
Mono: successfully reloaded assembly
- Completed reload, in  2.014 seconds
Domain Reload Profiling:
	ReloadAssembly (2015ms)
		BeginReloadAssembly (378ms)
			ExecutionOrderSort (0ms)
			DisableScriptedObjects (9ms)
			BackupInstance (0ms)
			ReleaseScriptingObjects (0ms)
			CreateAndSetChildDomain (35ms)
		EndReloadAssembly (1523ms)
			LoadAssemblies (224ms)
			RebuildTransferFunctionScriptingTraits (0ms)
			SetupTypeCache (608ms)
			ReleaseScriptCaches (0ms)
			RebuildScriptCaches (80ms)
			SetupLoadedEditorAssemblies (457ms)
				LogAssemblyErrors (0ms)
				InitializePlatformSupportModulesInManaged (8ms)
				SetLoadedEditorAssemblies (1ms)
				RefreshPlugins (1ms)
				BeforeProcessingInitializeOnLoad (122ms)
				ProcessInitializeOnLoadAttributes (302ms)
				ProcessInitializeOnLoadMethodAttributes (12ms)
				AfterProcessingInitializeOnLoad (11ms)
				EditorAssembliesLoaded (1ms)
			ExecutionOrderSort2 (0ms)
			AwakeInstancesAfterBackupRestoration (10ms)
Platform modules already initialized, skipping
========================================================================
Worker process is ready to serve import requests
Launched and connected shader compiler UnityShaderCompiler.exe after 0.89 seconds
Refreshing native plugins compatible for Editor in 0.41 ms, found 2 plugins.
Preloading 0 native plugins for Editor in 0.00 ms.
Unloading 1517 Unused Serialized files (Serialized files now loaded: 0)
System memory in use before: 71.3 MB.
System memory in use after: 71.2 MB.

Unloading 23 unused Assets to reduce memory usage. Loaded Objects now: 1945.
Total: 3.588600 ms (FindLiveObjects: 0.154500 ms CreateObjectMapping: 0.073800 ms MarkObjects: 3.168800 ms  DeleteObjects: 0.190200 ms)

AssetImportParameters requested are different than current active one (requested -> active):
  custom:framework-win-MediaFoundation: 216162199b28c13a410421893ffa2e32 -> 
  custom:video-decoder-ogg-theora: a1e56fd34408186e4bbccfd4996cb3dc -> 
  custom:container-muxer-webm: aa71ff27fc2769a1b78a27578f13a17b -> 
  custom:container-demuxer-webm: 4f35f7cbe854078d1ac9338744f61a02 -> 
  custom:container-demuxer-ogg: 62fdf1f143b41e24485cea50d1cbac27 -> 
  custom:video-encoder-webm-vp8: eb34c28f22e8b96e1ab97ce403110664 -> 
  custom:video-decoder-webm-vp8: 9c59270c3fd7afecdb556c50c9e8de78 -> 
  custom:audio-decoder-ogg-vorbis: bf7c407c2cedff20999df2af8eb42d56 -> 
  custom:audio-encoder-webm-vorbis: bf7c407c2cedff20999df2af8eb42d56 -> 
========================================================================
Received Import Request.
  path: Assets/Environment(static).prefab
  artifactKey: Guid(3408a284b02ef4bd3803e49ffed562cd) Importer(815301076,1909f56bfc062723c751e8b465ee728b)
Start importing Assets/Environment(static).prefab using Guid(3408a284b02ef4bd3803e49ffed562cd) Importer(815301076,1909f56bfc062723c751e8b465ee728b)  -> (artifact id: '4d3265b201519769932c618cf42203a5') in 5.521623 seconds 
========================================================================
Received Import Request.
  Time since last request: 29.230404 seconds.
  path: Assets
  artifactKey: Guid(00000000000000001000000000000000) Importer(815301076,1909f56bfc062723c751e8b465ee728b)
Start importing Assets using Guid(00000000000000001000000000000000) Importer(815301076,1909f56bfc062723c751e8b465ee728b)  -> (artifact id: '42d402b061de3733987d63b9cc3b64de') in 0.009066 seconds 
========================================================================
Received Import Request.
  Time since last request: 7.419619 seconds.
  path: Assets/Scripts
  artifactKey: Guid(954779c2da443434ba0b7536f11de4bd) Importer(815301076,1909f56bfc062723c751e8b465ee728b)
Start importing Assets/Scripts using Guid(954779c2da443434ba0b7536f11de4bd) Importer(815301076,1909f56bfc062723c751e8b465ee728b)  -> (artifact id: 'b254d09246344fe942ccc3cd3122a8b2') in 0.029267 seconds 
========================================================================
Received Import Request.
  Time since last request: 61.146233 seconds.
  path: Assets/Scripts/AgentManager.cs
  artifactKey: Guid(d1ad476431f2d2a409cb07f97393463d) Importer(815301076,1909f56bfc062723c751e8b465ee728b)
Start importing Assets/Scripts/AgentManager.cs using Guid(d1ad476431f2d2a409cb07f97393463d) Importer(815301076,1909f56bfc062723c751e8b465ee728b)  -> (artifact id: '572e7df250444be52814ec49485a79b5') in 0.630802 seconds 
========================================================================
Received Prepare
Registering precompiled user dll's ...
Registered in 0.085869 seconds.
Begin MonoManager ReloadAssembly
Native extension for WindowsStandalone target not found
Native extension for WebGL target not found
Refreshing native plugins compatible for Editor in 1.17 ms, found 2 plugins.
Preloading 0 native plugins for Editor in 0.00 ms.
Mono: successfully reloaded assembly
- Completed reload, in  1.496 seconds
Domain Reload Profiling:
	ReloadAssembly (1497ms)
		BeginReloadAssembly (172ms)
			ExecutionOrderSort (0ms)
			DisableScriptedObjects (7ms)
			BackupInstance (0ms)
			ReleaseScriptingObjects (0ms)
			CreateAndSetChildDomain (46ms)
		EndReloadAssembly (1229ms)
			LoadAssemblies (148ms)
			RebuildTransferFunctionScriptingTraits (0ms)
			SetupTypeCache (419ms)
			ReleaseScriptCaches (1ms)
			RebuildScriptCaches (65ms)
			SetupLoadedEditorAssemblies (464ms)
				LogAssemblyErrors (0ms)
				InitializePlatformSupportModulesInManaged (11ms)
				SetLoadedEditorAssemblies (1ms)
				RefreshPlugins (1ms)
				BeforeProcessingInitializeOnLoad (123ms)
				ProcessInitializeOnLoadAttributes (299ms)
				ProcessInitializeOnLoadMethodAttributes (17ms)
				AfterProcessingInitializeOnLoad (12ms)
				EditorAssembliesLoaded (0ms)
			ExecutionOrderSort2 (0ms)
			AwakeInstancesAfterBackupRestoration (10ms)
Platform modules already initialized, skipping
Refreshing native plugins compatible for Editor in 0.43 ms, found 2 plugins.
Preloading 0 native plugins for Editor in 0.00 ms.
Unloading 1504 Unused Serialized files (Serialized files now loaded: 0)
System memory in use before: 79.3 MB.
System memory in use after: 79.2 MB.

Unloading 18 unused Assets to reduce memory usage. Loaded Objects now: 1957.
Total: 3.626300 ms (FindLiveObjects: 0.154600 ms CreateObjectMapping: 0.065300 ms MarkObjects: 3.231300 ms  DeleteObjects: 0.174100 ms)

AssetImportParameters requested are different than current active one (requested -> active):
  custom:framework-win-MediaFoundation: 216162199b28c13a410421893ffa2e32 -> 
  custom:video-decoder-ogg-theora: a1e56fd34408186e4bbccfd4996cb3dc -> 
  custom:container-muxer-webm: aa71ff27fc2769a1b78a27578f13a17b -> 
  custom:container-demuxer-webm: 4f35f7cbe854078d1ac9338744f61a02 -> 
  custom:container-demuxer-ogg: 62fdf1f143b41e24485cea50d1cbac27 -> 
  custom:video-encoder-webm-vp8: eb34c28f22e8b96e1ab97ce403110664 -> 
  custom:video-decoder-webm-vp8: 9c59270c3fd7afecdb556c50c9e8de78 -> 
  custom:audio-decoder-ogg-vorbis: bf7c407c2cedff20999df2af8eb42d56 -> 
  custom:audio-encoder-webm-vorbis: bf7c407c2cedff20999df2af8eb42d56 -> 
========================================================================
Received Import Request.
  Time since last request: 545.358381 seconds.
  path: Assets/Scripts/AgentManager.cs
  artifactKey: Guid(d1ad476431f2d2a409cb07f97393463d) Importer(815301076,1909f56bfc062723c751e8b465ee728b)
Start importing Assets/Scripts/AgentManager.cs using Guid(d1ad476431f2d2a409cb07f97393463d) Importer(815301076,1909f56bfc062723c751e8b465ee728b)  -> (artifact id: '89a63579e82d6a0f8ea633a0eb50bf6c') in 0.018846 seconds 
========================================================================
Received Import Request.
  Time since last request: 27.535173 seconds.
  path: Assets/Scripts/AIControl.cs
  artifactKey: Guid(716bc4c93532bac4bbde18ea513cd23f) Importer(815301076,1909f56bfc062723c751e8b465ee728b)
Start importing Assets/Scripts/AIControl.cs using Guid(716bc4c93532bac4bbde18ea513cd23f) Importer(815301076,1909f56bfc062723c751e8b465ee728b)  -> (artifact id: '2ce789019bb62a3e1de7877b019a4bad') in 0.038751 seconds 
========================================================================
Received Import Request.
  Time since last request: 43.808193 seconds.
  path: Assets/Scripts/AIControl.cs
  artifactKey: Guid(716bc4c93532bac4bbde18ea513cd23f) Importer(815301076,1909f56bfc062723c751e8b465ee728b)
Start importing Assets/Scripts/AIControl.cs using Guid(716bc4c93532bac4bbde18ea513cd23f) Importer(815301076,1909f56bfc062723c751e8b465ee728b)  -> (artifact id: '7ea2b0ce16bb42f66dc5ad631ad3e3f7') in 0.022274 seconds 
========================================================================
Received Prepare
Registering precompiled user dll's ...
Registered in 0.042511 seconds.
Begin MonoManager ReloadAssembly
Native extension for WindowsStandalone target not found
Native extension for WebGL target not found
Refreshing native plugins compatible for Editor in 0.47 ms, found 2 plugins.
Preloading 0 native plugins for Editor in 0.00 ms.
Mono: successfully reloaded assembly
- Completed reload, in  2.128 seconds
Domain Reload Profiling:
	ReloadAssembly (2128ms)
		BeginReloadAssembly (235ms)
			ExecutionOrderSort (0ms)
			DisableScriptedObjects (9ms)
			BackupInstance (0ms)
			ReleaseScriptingObjects (0ms)
			CreateAndSetChildDomain (72ms)
		EndReloadAssembly (1496ms)
			LoadAssemblies (184ms)
			RebuildTransferFunctionScriptingTraits (0ms)
			SetupTypeCache (493ms)
			ReleaseScriptCaches (4ms)
			RebuildScriptCaches (72ms)
			SetupLoadedEditorAssemblies (484ms)
				LogAssemblyErrors (0ms)
				InitializePlatformSupportModulesInManaged (9ms)
				SetLoadedEditorAssemblies (1ms)
				RefreshPlugins (1ms)
				BeforeProcessingInitializeOnLoad (154ms)
				ProcessInitializeOnLoadAttributes (296ms)
				ProcessInitializeOnLoadMethodAttributes (12ms)
				AfterProcessingInitializeOnLoad (12ms)
				EditorAssembliesLoaded (0ms)
			ExecutionOrderSort2 (0ms)
			AwakeInstancesAfterBackupRestoration (11ms)
Platform modules already initialized, skipping
Refreshing native plugins compatible for Editor in 0.65 ms, found 2 plugins.
Preloading 0 native plugins for Editor in 0.00 ms.
Unloading 1505 Unused Serialized files (Serialized files now loaded: 0)
System memory in use before: 79.4 MB.
System memory in use after: 79.3 MB.

Unloading 18 unused Assets to reduce memory usage. Loaded Objects now: 1960.
Total: 26.249600 ms (FindLiveObjects: 0.341200 ms CreateObjectMapping: 1.607400 ms MarkObjects: 23.944400 ms  DeleteObjects: 0.351900 ms)

AssetImportParameters requested are different than current active one (requested -> active):
  custom:framework-win-MediaFoundation: 216162199b28c13a410421893ffa2e32 -> 
  custom:video-decoder-ogg-theora: a1e56fd34408186e4bbccfd4996cb3dc -> 
  custom:container-muxer-webm: aa71ff27fc2769a1b78a27578f13a17b -> 
  custom:container-demuxer-webm: 4f35f7cbe854078d1ac9338744f61a02 -> 
  custom:container-demuxer-ogg: 62fdf1f143b41e24485cea50d1cbac27 -> 
  custom:video-encoder-webm-vp8: eb34c28f22e8b96e1ab97ce403110664 -> 
  custom:video-decoder-webm-vp8: 9c59270c3fd7afecdb556c50c9e8de78 -> 
  custom:audio-decoder-ogg-vorbis: bf7c407c2cedff20999df2af8eb42d56 -> 
  custom:audio-encoder-webm-vorbis: bf7c407c2cedff20999df2af8eb42d56 -> 
========================================================================
Received Import Request.
  Time since last request: 1224.482331 seconds.
  path: Assets/Materials/AdditiveSheet.mat
  artifactKey: Guid(78ae4d6b7f6ab4577957a6588bebca70) Importer(815301076,1909f56bfc062723c751e8b465ee728b)
Start importing Assets/Materials/AdditiveSheet.mat using Guid(78ae4d6b7f6ab4577957a6588bebca70) Importer(815301076,1909f56bfc062723c751e8b465ee728b)  -> (artifact id: 'e7168cb5d3bb7955e095ef6d68f85938') in 0.951168 seconds 
========================================================================
Received Import Request.
  Time since last request: 0.000360 seconds.
  path: Assets/Materials/terminals.mat
  artifactKey: Guid(64099dd0b91c3450191d412a45b5881a) Importer(815301076,1909f56bfc062723c751e8b465ee728b)
Start importing Assets/Materials/terminals.mat using Guid(64099dd0b91c3450191d412a45b5881a) Importer(815301076,1909f56bfc062723c751e8b465ee728b)  -> (artifact id: 'f82bd4e71cff9de00fc3c62272a6257f') in 0.227147 seconds 
========================================================================
Received Import Request.
  Time since last request: 0.000167 seconds.
  path: Assets/Materials/environment_floorTiles_A_Wet.mat
  artifactKey: Guid(d70107d05252a4002a5f45f2088067fb) Importer(815301076,1909f56bfc062723c751e8b465ee728b)
Start importing Assets/Materials/environment_floorTiles_A_Wet.mat using Guid(d70107d05252a4002a5f45f2088067fb) Importer(815301076,1909f56bfc062723c751e8b465ee728b)  -> (artifact id: 'f98bb946fa680c42110c07db566c5c81') in 0.244760 seconds 
========================================================================
Received Import Request.
  Time since last request: 0.000310 seconds.
  path: Assets/Materials/metalPlating.mat
  artifactKey: Guid(2f3588b8eeda24a9cb9cf70e72c86e56) Importer(815301076,1909f56bfc062723c751e8b465ee728b)
Start importing Assets/Materials/metalPlating.mat using Guid(2f3588b8eeda24a9cb9cf70e72c86e56) Importer(815301076,1909f56bfc062723c751e8b465ee728b)  -> (artifact id: '05e1fcab67a8c2412e37140bec6f4b33') in 0.455685 seconds 
========================================================================
Received Import Request.
  Time since last request: 0.000365 seconds.
  path: Assets/Materials/lightCardOrange_B.mat
  artifactKey: Guid(76aa115027e734dcba8a3ca1129a9f1f) Importer(815301076,1909f56bfc062723c751e8b465ee728b)
Start importing Assets/Materials/lightCardOrange_B.mat using Guid(76aa115027e734dcba8a3ca1129a9f1f) Importer(815301076,1909f56bfc062723c751e8b465ee728b)  -> (artifact id: '702e34b489f6fdc332eaed7026b4fd9e') in 0.719120 seconds 
========================================================================
Received Import Request.
  Time since last request: 0.000294 seconds.
  path: Assets/Materials/doors_interior.mat
  artifactKey: Guid(d4fe8af23aa6f4eb59098d14917db8e5) Importer(815301076,1909f56bfc062723c751e8b465ee728b)
Start importing Assets/Materials/doors_interior.mat using Guid(d4fe8af23aa6f4eb59098d14917db8e5) Importer(815301076,1909f56bfc062723c751e8b465ee728b)  -> (artifact id: '3f25472a159cf10e08ac9856658a545f') in 0.267023 seconds 
========================================================================
Received Import Request.
  Time since last request: 0.000342 seconds.
  path: Assets/Materials/HologramTest 1.mat
  artifactKey: Guid(a386f08091f474d069d53e2e6b386fa9) Importer(815301076,1909f56bfc062723c751e8b465ee728b)
Start importing Assets/Materials/HologramTest 1.mat using Guid(a386f08091f474d069d53e2e6b386fa9) Importer(815301076,1909f56bfc062723c751e8b465ee728b)  -> (artifact id: '10a66f2957dc1015a1d5ebd5f3c8aa56') in 0.142830 seconds 
========================================================================
Received Import Request.
  Time since last request: 0.000288 seconds.
  path: Assets/Materials/pipes.mat
  artifactKey: Guid(fe1604c38b71e479c904f71fbc8f8b64) Importer(815301076,1909f56bfc062723c751e8b465ee728b)
Start importing Assets/Materials/pipes.mat using Guid(fe1604c38b71e479c904f71fbc8f8b64) Importer(815301076,1909f56bfc062723c751e8b465ee728b)  -> (artifact id: '7fccaefce7553a184fa9c2d08ad59e49') in 0.368595 seconds 
========================================================================
Received Import Request.
  Time since last request: 0.000492 seconds.
  path: Assets/Materials/ScaffoldingLights.mat
  artifactKey: Guid(7e60986caee51495595ed2a001ad9b5f) Importer(815301076,1909f56bfc062723c751e8b465ee728b)
Start importing Assets/Materials/ScaffoldingLights.mat using Guid(7e60986caee51495595ed2a001ad9b5f) Importer(815301076,1909f56bfc062723c751e8b465ee728b)  -> (artifact id: '3263add4a6b15adb9dc2723b3293d02f') in 0.078539 seconds 
========================================================================
Received Import Request.
  Time since last request: 0.000428 seconds.
  path: Assets/Materials/projectionShard.mat
  artifactKey: Guid(c3371d20b847a48b284ffac15e7f36d4) Importer(815301076,1909f56bfc062723c751e8b465ee728b)
Start importing Assets/Materials/projectionShard.mat using Guid(c3371d20b847a48b284ffac15e7f36d4) Importer(815301076,1909f56bfc062723c751e8b465ee728b)  -> (artifact id: '42961e9943fded9440ace435a1e51609') in 0.064348 seconds 
========================================================================
Received Import Request.
  Time since last request: 0.000791 seconds.
  path: Assets/Materials/WallPanel_D.mat
  artifactKey: Guid(bd9a110fe87a64fd892dab94b86a8d3b) Importer(815301076,1909f56bfc062723c751e8b465ee728b)
Start importing Assets/Materials/WallPanel_D.mat using Guid(bd9a110fe87a64fd892dab94b86a8d3b) Importer(815301076,1909f56bfc062723c751e8b465ee728b)  -> (artifact id: '546ca44e02e6396fd709d19f274d0a1f') in 0.104236 seconds 
========================================================================
Received Import Request.
  Time since last request: 0.000287 seconds.
  path: Assets/Materials/props.mat
  artifactKey: Guid(734afe87945264682a916e0dbc69789d) Importer(815301076,1909f56bfc062723c751e8b465ee728b)
Start importing Assets/Materials/props.mat using Guid(734afe87945264682a916e0dbc69789d) Importer(815301076,1909f56bfc062723c751e8b465ee728b)  -> (artifact id: 'f3de5bfdbde6e94d598aad2666b75514') in 0.262063 seconds 
========================================================================
Received Import Request.
  Time since last request: 0.000329 seconds.
  path: Assets/Materials/lightCardOrange_A.mat
  artifactKey: Guid(1b4a5c6520a2a49f7949b7cb6b94dd76) Importer(815301076,1909f56bfc062723c751e8b465ee728b)
Start importing Assets/Materials/lightCardOrange_A.mat using Guid(1b4a5c6520a2a49f7949b7cb6b94dd76) Importer(815301076,1909f56bfc062723c751e8b465ee728b)  -> (artifact id: '01199f94d6a8ae0e1df991951bab7cb0') in 0.217101 seconds 
========================================================================
Received Import Request.
  Time since last request: 0.000225 seconds.
  path: Assets/Materials/DoorsInterior.mat
  artifactKey: Guid(96a3fd1e71dc04589a08e00f8a02dfd6) Importer(815301076,1909f56bfc062723c751e8b465ee728b)
Start importing Assets/Materials/DoorsInterior.mat using Guid(96a3fd1e71dc04589a08e00f8a02dfd6) Importer(815301076,1909f56bfc062723c751e8b465ee728b)  -> (artifact id: '9f758b23cc28b3763bf195677f6a44b0') in 0.229643 seconds 
========================================================================
Received Import Request.
  Time since last request: 0.000196 seconds.
  path: Assets/Materials/RobotArm.mat
  artifactKey: Guid(665541891f245457887299124e2924e4) Importer(815301076,1909f56bfc062723c751e8b465ee728b)
Start importing Assets/Materials/RobotArm.mat using Guid(665541891f245457887299124e2924e4) Importer(815301076,1909f56bfc062723c751e8b465ee728b)  -> (artifact id: '2f652f62622f8325f8e0a4d2d97213fe') in 0.333502 seconds 
========================================================================
Received Import Request.
  Time since last request: 0.000365 seconds.
  path: Assets/Materials/CliffRock.mat
  artifactKey: Guid(296911c381a174d01bff048aaf0dd1a7) Importer(815301076,1909f56bfc062723c751e8b465ee728b)
Start importing Assets/Materials/CliffRock.mat using Guid(296911c381a174d01bff048aaf0dd1a7) Importer(815301076,1909f56bfc062723c751e8b465ee728b)  -> (artifact id: '933e54d6e0362ddf0099de5719b3a38b') in 0.294852 seconds 
========================================================================
Received Import Request.
  Time since last request: 0.000418 seconds.
  path: Assets/Materials/furniture.mat
  artifactKey: Guid(98afcb0760ba7499ebe683835b74b516) Importer(815301076,1909f56bfc062723c751e8b465ee728b)
Start importing Assets/Materials/furniture.mat using Guid(98afcb0760ba7499ebe683835b74b516) Importer(815301076,1909f56bfc062723c751e8b465ee728b)  -> (artifact id: '09d32cc7c7115673d1b47c372cbb7912') in 0.422447 seconds 
========================================================================
Received Import Request.
  Time since last request: 0.000412 seconds.
  path: Assets/Materials/Kiosks.mat
  artifactKey: Guid(b7811559972604a6ead7dbd1d7fe8df2) Importer(815301076,1909f56bfc062723c751e8b465ee728b)
Start importing Assets/Materials/Kiosks.mat using Guid(b7811559972604a6ead7dbd1d7fe8df2) Importer(815301076,1909f56bfc062723c751e8b465ee728b)  -> (artifact id: '2e4716f966f6ce9a7bd60512e8753626') in 0.442549 seconds 
========================================================================
Received Import Request.
  Time since last request: 0.000365 seconds.
  path: Assets/Materials/WallPanel_E.mat
  artifactKey: Guid(0e73566fbe8854f829b13dbd5c4af2a4) Importer(815301076,1909f56bfc062723c751e8b465ee728b)
Start importing Assets/Materials/WallPanel_E.mat using Guid(0e73566fbe8854f829b13dbd5c4af2a4) Importer(815301076,1909f56bfc062723c751e8b465ee728b)  -> (artifact id: '7821366f814316911649480574653d3c') in 0.221783 seconds 
========================================================================
Received Import Request.
  Time since last request: 0.000345 seconds.
  path: Assets/Materials/mobileCutout.mat
  artifactKey: Guid(0227deccd93264a66b86631fbf5e5ceb) Importer(815301076,1909f56bfc062723c751e8b465ee728b)
Start importing Assets/Materials/mobileCutout.mat using Guid(0227deccd93264a66b86631fbf5e5ceb) Importer(815301076,1909f56bfc062723c751e8b465ee728b)  -> (artifact id: '9adc87db0c6be5ef5c8619faa4c9f2c5') in 0.224262 seconds 
========================================================================
Received Import Request.
  Time since last request: 0.000355 seconds.
  path: Assets/Materials/WallPanel_F.mat
  artifactKey: Guid(e713c0e4e7d7247ff9ba704b171d6b54) Importer(815301076,1909f56bfc062723c751e8b465ee728b)
Start importing Assets/Materials/WallPanel_F.mat using Guid(e713c0e4e7d7247ff9ba704b171d6b54) Importer(815301076,1909f56bfc062723c751e8b465ee728b)  -> (artifact id: 'b095d2271f0c92d590c5ea90632215ca') in 0.374323 seconds 
========================================================================
Received Import Request.
  Time since last request: 0.000390 seconds.
  path: Assets/Materials/Decals.mat
  artifactKey: Guid(ef2144cd343ab44efa6724dec2d291ab) Importer(815301076,1909f56bfc062723c751e8b465ee728b)
Start importing Assets/Materials/Decals.mat using Guid(ef2144cd343ab44efa6724dec2d291ab) Importer(815301076,1909f56bfc062723c751e8b465ee728b)  -> (artifact id: 'b24eb46aaf19c297eff83636f85350ee') in 0.188412 seconds 
========================================================================
Received Import Request.
  Time since last request: 0.000448 seconds.
  path: Assets/Materials/alphaTest_Sheet.mat
  artifactKey: Guid(5a51d6b040fbf4f16b1657e9a208596d) Importer(815301076,1909f56bfc062723c751e8b465ee728b)
Start importing Assets/Materials/alphaTest_Sheet.mat using Guid(5a51d6b040fbf4f16b1657e9a208596d) Importer(815301076,1909f56bfc062723c751e8b465ee728b)  -> (artifact id: 'b3c686072dd0a1799473cc89849dcb4a') in 0.507998 seconds 
========================================================================
Received Import Request.
  Time since last request: 0.000512 seconds.
  path: Assets/Materials/roof.mat
  artifactKey: Guid(efa04192bd5fa4f04885ab4a28ccf96b) Importer(815301076,1909f56bfc062723c751e8b465ee728b)
Start importing Assets/Materials/roof.mat using Guid(efa04192bd5fa4f04885ab4a28ccf96b) Importer(815301076,1909f56bfc062723c751e8b465ee728b)  -> (artifact id: '4b3fec2e0a77b71f840a2c7a3cf72483') in 0.077321 seconds 
========================================================================
Received Import Request.
  Time since last request: 0.000225 seconds.
  path: Assets/Materials/wallPanel_A.mat
  artifactKey: Guid(170828cdec1484ebd80a6287ce650603) Importer(815301076,1909f56bfc062723c751e8b465ee728b)
Start importing Assets/Materials/wallPanel_A.mat using Guid(170828cdec1484ebd80a6287ce650603) Importer(815301076,1909f56bfc062723c751e8b465ee728b)  -> (artifact id: '26c938456ac458bb42e2f91e4dc2083d') in 0.089928 seconds 
========================================================================
Received Import Request.
  Time since last request: 0.000358 seconds.
  path: Assets/Materials/lightCardWhite.mat
  artifactKey: Guid(67201e0fe487b481db4b676efa17510e) Importer(815301076,1909f56bfc062723c751e8b465ee728b)
Start importing Assets/Materials/lightCardWhite.mat using Guid(67201e0fe487b481db4b676efa17510e) Importer(815301076,1909f56bfc062723c751e8b465ee728b)  -> (artifact id: 'c1a2994db69efaef0ddf3e48b27adfa4') in 0.067834 seconds 
========================================================================
Received Import Request.
  Time since last request: 0.000309 seconds.
  path: Assets/Materials/HologramTest 2.mat
  artifactKey: Guid(9b52bb7dbed534c098f472b6bf6c3c12) Importer(815301076,1909f56bfc062723c751e8b465ee728b)
Start importing Assets/Materials/HologramTest 2.mat using Guid(9b52bb7dbed534c098f472b6bf6c3c12) Importer(815301076,1909f56bfc062723c751e8b465ee728b)  -> (artifact id: 'fb43a1b577c11920978982f40be2fe27') in 0.066149 seconds 
========================================================================
Received Import Request.
  Time since last request: 0.000313 seconds.
  path: Assets/Materials/conveyorBeltMaterial.mat
  artifactKey: Guid(923431e11ee6d4eac887edf521716bf0) Importer(815301076,1909f56bfc062723c751e8b465ee728b)
Start importing Assets/Materials/conveyorBeltMaterial.mat using Guid(923431e11ee6d4eac887edf521716bf0) Importer(815301076,1909f56bfc062723c751e8b465ee728b)  -> (artifact id: 'e36741110bdb66288196fec139a75c70') in 0.174607 seconds 
========================================================================
Received Import Request.
  Time since last request: 0.000467 seconds.
  path: Assets/Materials/Reflection.mat
  artifactKey: Guid(22b43c3aa0097483d92b4cca9adbb7f3) Importer(815301076,1909f56bfc062723c751e8b465ee728b)
Start importing Assets/Materials/Reflection.mat using Guid(22b43c3aa0097483d92b4cca9adbb7f3) Importer(815301076,1909f56bfc062723c751e8b465ee728b)  -> (artifact id: 'f25d72d905dc61cadcaf3be432b368f7') in 0.111510 seconds 
========================================================================
Received Import Request.
  Time since last request: 0.000084 seconds.
  path: Assets/Materials/WallsIlluminated.mat
  artifactKey: Guid(c880f00f6a15844eba0123af1696de59) Importer(815301076,1909f56bfc062723c751e8b465ee728b)
Start importing Assets/Materials/WallsIlluminated.mat using Guid(c880f00f6a15844eba0123af1696de59) Importer(815301076,1909f56bfc062723c751e8b465ee728b)  -> (artifact id: '6be7207d27c071423ea3c20c475b8561') in 0.173612 seconds 
========================================================================
Received Import Request.
  Time since last request: 0.000360 seconds.
  path: Assets/Materials/lightPinPoint.mat
  artifactKey: Guid(a045b532e06f344a288c62dd26adb72c) Importer(815301076,1909f56bfc062723c751e8b465ee728b)
Start importing Assets/Materials/lightPinPoint.mat using Guid(a045b532e06f344a288c62dd26adb72c) Importer(815301076,1909f56bfc062723c751e8b465ee728b)  -> (artifact id: '57f8d771d21117d04ed0d74ef60f92ab') in 0.105023 seconds 
========================================================================
Received Import Request.
  Time since last request: 0.000255 seconds.
  path: Assets/Materials/WallPanel_B.mat
  artifactKey: Guid(5f7eaec32285d4a5096194208fada2f8) Importer(815301076,1909f56bfc062723c751e8b465ee728b)
Start importing Assets/Materials/WallPanel_B.mat using Guid(5f7eaec32285d4a5096194208fada2f8) Importer(815301076,1909f56bfc062723c751e8b465ee728b)  -> (artifact id: 'c93ff1fc16f3e35b5061b91cf55e269e') in 0.077804 seconds 
========================================================================
Received Import Request.
  Time since last request: 0.000313 seconds.
  path: Assets/Materials/robot_Arm_Diffuse.mat
  artifactKey: Guid(2b9de37bf5edb4c34a327820055d3a53) Importer(815301076,1909f56bfc062723c751e8b465ee728b)
Start importing Assets/Materials/robot_Arm_Diffuse.mat using Guid(2b9de37bf5edb4c34a327820055d3a53) Importer(815301076,1909f56bfc062723c751e8b465ee728b)  -> (artifact id: '46d0047faf845c598c0fae1f484a1095') in 0.074990 seconds 
========================================================================
Received Import Request.
  Time since last request: 0.000290 seconds.
  path: Assets/Materials/HologramTest 3.mat
  artifactKey: Guid(2eda651d7578c442297040f7f6aa92a8) Importer(815301076,1909f56bfc062723c751e8b465ee728b)
Start importing Assets/Materials/HologramTest 3.mat using Guid(2eda651d7578c442297040f7f6aa92a8) Importer(815301076,1909f56bfc062723c751e8b465ee728b)  -> (artifact id: 'f305d15a55385c9a8e114c3c55a49a33') in 0.063959 seconds 
========================================================================
Received Import Request.
  Time since last request: 0.000221 seconds.
  path: Assets/Materials/EnvironmentFloorTiles_A.mat
  artifactKey: Guid(27ef90a15e7d244b384d3fb3a3e94097) Importer(815301076,1909f56bfc062723c751e8b465ee728b)
Start importing Assets/Materials/EnvironmentFloorTiles_A.mat using Guid(27ef90a15e7d244b384d3fb3a3e94097) Importer(815301076,1909f56bfc062723c751e8b465ee728b)  -> (artifact id: 'da0ecf48c87c14b1fe822ad0bdb738b1') in 0.061702 seconds 
========================================================================
Received Import Request.
  Time since last request: 0.000308 seconds.
  path: Assets/Materials/generator_A_Diffuse.mat
  artifactKey: Guid(d648edfc5cb654fc39a496f6f2ffa230) Importer(815301076,1909f56bfc062723c751e8b465ee728b)
Start importing Assets/Materials/generator_A_Diffuse.mat using Guid(d648edfc5cb654fc39a496f6f2ffa230) Importer(815301076,1909f56bfc062723c751e8b465ee728b)  -> (artifact id: '648f3084cc97e47d85eadc7bc52cd0f5') in 0.074031 seconds 
========================================================================
Received Import Request.
  Time since last request: 0.000228 seconds.
  path: Assets/Materials/logoHologram.mat
  artifactKey: Guid(6650b09c16e594007bfed146f9c555e9) Importer(815301076,1909f56bfc062723c751e8b465ee728b)
Start importing Assets/Materials/logoHologram.mat using Guid(6650b09c16e594007bfed146f9c555e9) Importer(815301076,1909f56bfc062723c751e8b465ee728b)  -> (artifact id: '7d42412715323d1beddb5a422a9640ad') in 0.134718 seconds 
========================================================================
Received Import Request.
  Time since last request: 52.115979 seconds.
  path: Assets/Materials
  artifactKey: Guid(c6e43799cb2f348548b755787bf636d4) Importer(815301076,1909f56bfc062723c751e8b465ee728b)
Start importing Assets/Materials using Guid(c6e43799cb2f348548b755787bf636d4) Importer(815301076,1909f56bfc062723c751e8b465ee728b)  -> (artifact id: '8e5f6a63718309ac050e878950802dd7') in 0.042560 seconds 
========================================================================
Received Import Request.
  Time since last request: 15.657388 seconds.
  path: Assets/Red.mat
  artifactKey: Guid(c3cc23d02a6ad57449212e10e2882b12) Importer(815301076,1909f56bfc062723c751e8b465ee728b)
Start importing Assets/Red.mat using Guid(c3cc23d02a6ad57449212e10e2882b12) Importer(815301076,1909f56bfc062723c751e8b465ee728b)  -> (artifact id: '9577d69fcedb2872ad0a53df9b87a6a5') in 0.043998 seconds 
========================================================================
Received Import Request.
  Time since last request: 13.262605 seconds.
  path: Assets/Blue.mat
  artifactKey: Guid(511815fd84ba78d47af0bf5aa8a49339) Importer(815301076,1909f56bfc062723c751e8b465ee728b)
Start importing Assets/Blue.mat using Guid(511815fd84ba78d47af0bf5aa8a49339) Importer(815301076,1909f56bfc062723c751e8b465ee728b)  -> (artifact id: '499c5ba3f241c0077b51117772ee0aeb') in 0.035240 seconds 
========================================================================
Received Import Request.
  Time since last request: 660.463342 seconds.
  path: ProjectSettings/TagManager.asset
  artifactKey: Guid(00000000000000003000000000000000) Importer(815301076,1909f56bfc062723c751e8b465ee728b)
Start importing ProjectSettings/TagManager.asset using Guid(00000000000000003000000000000000) Importer(815301076,1909f56bfc062723c751e8b465ee728b)  -> (artifact id: 'ce6a35c3cddc746e7501c0bd0ed6d4ce') in 0.013353 seconds 
========================================================================
Received Prepare
Registering precompiled user dll's ...
Registered in 0.040834 seconds.
Begin MonoManager ReloadAssembly
Native extension for WindowsStandalone target not found
Native extension for WebGL target not found
Refreshing native plugins compatible for Editor in 0.59 ms, found 2 plugins.
Preloading 0 native plugins for Editor in 0.00 ms.
Mono: successfully reloaded assembly
- Completed reload, in  4.596 seconds
Domain Reload Profiling:
	ReloadAssembly (4597ms)
		BeginReloadAssembly (278ms)
			ExecutionOrderSort (0ms)
			DisableScriptedObjects (7ms)
			BackupInstance (0ms)
			ReleaseScriptingObjects (0ms)
			CreateAndSetChildDomain (133ms)
		EndReloadAssembly (4237ms)
			LoadAssemblies (252ms)
			RebuildTransferFunctionScriptingTraits (0ms)
			SetupTypeCache (639ms)
			ReleaseScriptCaches (1ms)
			RebuildScriptCaches (53ms)
			SetupLoadedEditorAssemblies (2839ms)
				LogAssemblyErrors (0ms)
				InitializePlatformSupportModulesInManaged (11ms)
				SetLoadedEditorAssemblies (1ms)
				RefreshPlugins (1ms)
				BeforeProcessingInitializeOnLoad (132ms)
				ProcessInitializeOnLoadAttributes (2489ms)
				ProcessInitializeOnLoadMethodAttributes (53ms)
				AfterProcessingInitializeOnLoad (152ms)
				EditorAssembliesLoaded (0ms)
			ExecutionOrderSort2 (0ms)
			AwakeInstancesAfterBackupRestoration (9ms)
Platform modules already initialized, skipping
Refreshing native plugins compatible for Editor in 0.58 ms, found 2 plugins.
Preloading 0 native plugins for Editor in 0.00 ms.
Unloading 1505 Unused Serialized files (Serialized files now loaded: 0)
System memory in use before: 80.3 MB.
System memory in use after: 80.2 MB.

Unloading 19 unused Assets to reduce memory usage. Loaded Objects now: 1999.
Total: 15.267800 ms (FindLiveObjects: 4.791200 ms CreateObjectMapping: 0.187000 ms MarkObjects: 9.298600 ms  DeleteObjects: 0.929100 ms)

AssetImportParameters requested are different than current active one (requested -> active):
  custom:framework-win-MediaFoundation: 216162199b28c13a410421893ffa2e32 -> 
  custom:video-decoder-ogg-theora: a1e56fd34408186e4bbccfd4996cb3dc -> 
  custom:container-muxer-webm: aa71ff27fc2769a1b78a27578f13a17b -> 
  custom:container-demuxer-webm: 4f35f7cbe854078d1ac9338744f61a02 -> 
  custom:container-demuxer-ogg: 62fdf1f143b41e24485cea50d1cbac27 -> 
  custom:video-encoder-webm-vp8: eb34c28f22e8b96e1ab97ce403110664 -> 
  custom:video-decoder-webm-vp8: 9c59270c3fd7afecdb556c50c9e8de78 -> 
  custom:audio-decoder-ogg-vorbis: bf7c407c2cedff20999df2af8eb42d56 -> 
  custom:audio-encoder-webm-vorbis: bf7c407c2cedff20999df2af8eb42d56 -> 
========================================================================
Received Prepare
Registering precompiled user dll's ...
Registered in 0.065485 seconds.
Begin MonoManager ReloadAssembly
Native extension for WindowsStandalone target not found
Native extension for WebGL target not found
Refreshing native plugins compatible for Editor in 0.64 ms, found 2 plugins.
Preloading 0 native plugins for Editor in 0.00 ms.
Mono: successfully reloaded assembly
- Completed reload, in  7.681 seconds
Domain Reload Profiling:
	ReloadAssembly (7684ms)
		BeginReloadAssembly (1044ms)
			ExecutionOrderSort (0ms)
			DisableScriptedObjects (7ms)
			BackupInstance (0ms)
			ReleaseScriptingObjects (0ms)
			CreateAndSetChildDomain (698ms)
		EndReloadAssembly (2015ms)
			LoadAssemblies (422ms)
			RebuildTransferFunctionScriptingTraits (0ms)
			SetupTypeCache (1086ms)
			ReleaseScriptCaches (1ms)
			RebuildScriptCaches (87ms)
			SetupLoadedEditorAssemblies (442ms)
				LogAssemblyErrors (0ms)
				InitializePlatformSupportModulesInManaged (7ms)
				SetLoadedEditorAssemblies (1ms)
				RefreshPlugins (1ms)
				BeforeProcessingInitializeOnLoad (104ms)
				ProcessInitializeOnLoadAttributes (307ms)
				ProcessInitializeOnLoadMethodAttributes (13ms)
				AfterProcessingInitializeOnLoad (9ms)
				EditorAssembliesLoaded (0ms)
			ExecutionOrderSort2 (0ms)
			AwakeInstancesAfterBackupRestoration (9ms)
Platform modules already initialized, skipping
Refreshing native plugins compatible for Editor in 0.37 ms, found 2 plugins.
Preloading 0 native plugins for Editor in 0.00 ms.
Unloading 1505 Unused Serialized files (Serialized files now loaded: 0)
System memory in use before: 80.3 MB.
System memory in use after: 80.2 MB.

Unloading 18 unused Assets to reduce memory usage. Loaded Objects now: 2001.
Total: 2.992500 ms (FindLiveObjects: 0.156400 ms CreateObjectMapping: 0.061300 ms MarkObjects: 2.617700 ms  DeleteObjects: 0.155800 ms)

AssetImportParameters requested are different than current active one (requested -> active):
  custom:framework-win-MediaFoundation: 216162199b28c13a410421893ffa2e32 -> 
  custom:video-decoder-ogg-theora: a1e56fd34408186e4bbccfd4996cb3dc -> 
  custom:container-muxer-webm: aa71ff27fc2769a1b78a27578f13a17b -> 
  custom:container-demuxer-webm: 4f35f7cbe854078d1ac9338744f61a02 -> 
  custom:container-demuxer-ogg: 62fdf1f143b41e24485cea50d1cbac27 -> 
  custom:video-encoder-webm-vp8: eb34c28f22e8b96e1ab97ce403110664 -> 
  custom:video-decoder-webm-vp8: 9c59270c3fd7afecdb556c50c9e8de78 -> 
  custom:audio-decoder-ogg-vorbis: bf7c407c2cedff20999df2af8eb42d56 -> 
  custom:audio-encoder-webm-vorbis: bf7c407c2cedff20999df2af8eb42d56 -> 
========================================================================
Received Import Request.
  Time since last request: 290.779312 seconds.
  path: Assets/Blue.mat
  artifactKey: Guid(511815fd84ba78d47af0bf5aa8a49339) Importer(815301076,1909f56bfc062723c751e8b465ee728b)
Start importing Assets/Blue.mat using Guid(511815fd84ba78d47af0bf5aa8a49339) Importer(815301076,1909f56bfc062723c751e8b465ee728b)  -> (artifact id: '4de4cb5a733497344a0f1cc77e242759') in 0.359720 seconds 
========================================================================
Received Import Request.
  Time since last request: 0.000258 seconds.
  path: Assets/Red.mat
  artifactKey: Guid(c3cc23d02a6ad57449212e10e2882b12) Importer(815301076,1909f56bfc062723c751e8b465ee728b)
Start importing Assets/Red.mat using Guid(c3cc23d02a6ad57449212e10e2882b12) Importer(815301076,1909f56bfc062723c751e8b465ee728b)  -> (artifact id: '7f62a8c838540145899f251d9bfabed7') in 0.608755 seconds 
========================================================================
Received Prepare
Registering precompiled user dll's ...
Registered in 0.028110 seconds.
Begin MonoManager ReloadAssembly
Native extension for WindowsStandalone target not found
Native extension for WebGL target not found
Refreshing native plugins compatible for Editor in 0.63 ms, found 2 plugins.
Preloading 0 native plugins for Editor in 0.00 ms.
Mono: successfully reloaded assembly
- Completed reload, in  1.779 seconds
Domain Reload Profiling:
	ReloadAssembly (1780ms)
		BeginReloadAssembly (401ms)
			ExecutionOrderSort (0ms)
			DisableScriptedObjects (15ms)
			BackupInstance (0ms)
			ReleaseScriptingObjects (0ms)
			CreateAndSetChildDomain (41ms)
		EndReloadAssembly (1275ms)
			LoadAssemblies (308ms)
			RebuildTransferFunctionScriptingTraits (0ms)
			SetupTypeCache (469ms)
			ReleaseScriptCaches (2ms)
			RebuildScriptCaches (51ms)
			SetupLoadedEditorAssemblies (480ms)
				LogAssemblyErrors (0ms)
				InitializePlatformSupportModulesInManaged (10ms)
				SetLoadedEditorAssemblies (1ms)
				RefreshPlugins (1ms)
				BeforeProcessingInitializeOnLoad (118ms)
				ProcessInitializeOnLoadAttributes (331ms)
				ProcessInitializeOnLoadMethodAttributes (9ms)
				AfterProcessingInitializeOnLoad (9ms)
				EditorAssembliesLoaded (0ms)
			ExecutionOrderSort2 (0ms)
			AwakeInstancesAfterBackupRestoration (11ms)
Platform modules already initialized, skipping
Refreshing native plugins compatible for Editor in 0.51 ms, found 2 plugins.
Preloading 0 native plugins for Editor in 0.00 ms.
Unloading 1505 Unused Serialized files (Serialized files now loaded: 0)
System memory in use before: 80.3 MB.
System memory in use after: 80.3 MB.

Unloading 18 unused Assets to reduce memory usage. Loaded Objects now: 2004.
Total: 4.884300 ms (FindLiveObjects: 0.179400 ms CreateObjectMapping: 0.060400 ms MarkObjects: 4.347400 ms  DeleteObjects: 0.295300 ms)

AssetImportParameters requested are different than current active one (requested -> active):
  custom:framework-win-MediaFoundation: 216162199b28c13a410421893ffa2e32 -> 
  custom:video-decoder-ogg-theora: a1e56fd34408186e4bbccfd4996cb3dc -> 
  custom:container-muxer-webm: aa71ff27fc2769a1b78a27578f13a17b -> 
  custom:container-demuxer-webm: 4f35f7cbe854078d1ac9338744f61a02 -> 
  custom:container-demuxer-ogg: 62fdf1f143b41e24485cea50d1cbac27 -> 
  custom:video-encoder-webm-vp8: eb34c28f22e8b96e1ab97ce403110664 -> 
  custom:video-decoder-webm-vp8: 9c59270c3fd7afecdb556c50c9e8de78 -> 
  custom:audio-decoder-ogg-vorbis: bf7c407c2cedff20999df2af8eb42d56 -> 
  custom:audio-encoder-webm-vorbis: bf7c407c2cedff20999df2af8eb42d56 -> 
========================================================================
Received Prepare
Registering precompiled user dll's ...
Registered in 0.016400 seconds.
Begin MonoManager ReloadAssembly
Native extension for WindowsStandalone target not found
Native extension for WebGL target not found
Refreshing native plugins compatible for Editor in 0.60 ms, found 2 plugins.
Preloading 0 native plugins for Editor in 0.00 ms.
Mono: successfully reloaded assembly
- Completed reload, in  1.749 seconds
Domain Reload Profiling:
	ReloadAssembly (1750ms)
		BeginReloadAssembly (286ms)
			ExecutionOrderSort (0ms)
			DisableScriptedObjects (7ms)
			BackupInstance (0ms)
			ReleaseScriptingObjects (0ms)
			CreateAndSetChildDomain (42ms)
		EndReloadAssembly (1375ms)
			LoadAssemblies (361ms)
			RebuildTransferFunctionScriptingTraits (0ms)
			SetupTypeCache (364ms)
			ReleaseScriptCaches (1ms)
			RebuildScriptCaches (53ms)
			SetupLoadedEditorAssemblies (422ms)
				LogAssemblyErrors (0ms)
				InitializePlatformSupportModulesInManaged (7ms)
				SetLoadedEditorAssemblies (1ms)
				RefreshPlugins (1ms)
				BeforeProcessingInitializeOnLoad (102ms)
				ProcessInitializeOnLoadAttributes (292ms)
				ProcessInitializeOnLoadMethodAttributes (9ms)
				AfterProcessingInitializeOnLoad (9ms)
				EditorAssembliesLoaded (1ms)
			ExecutionOrderSort2 (0ms)
			AwakeInstancesAfterBackupRestoration (9ms)
Platform modules already initialized, skipping
Refreshing native plugins compatible for Editor in 0.80 ms, found 2 plugins.
Preloading 0 native plugins for Editor in 0.00 ms.
Unloading 1505 Unused Serialized files (Serialized files now loaded: 0)
System memory in use before: 80.3 MB.
System memory in use after: 80.3 MB.

Unloading 18 unused Assets to reduce memory usage. Loaded Objects now: 2006.
Total: 3.073400 ms (FindLiveObjects: 0.151400 ms CreateObjectMapping: 0.062600 ms MarkObjects: 2.642500 ms  DeleteObjects: 0.216100 ms)

AssetImportParameters requested are different than current active one (requested -> active):
  custom:framework-win-MediaFoundation: 216162199b28c13a410421893ffa2e32 -> 
  custom:video-decoder-ogg-theora: a1e56fd34408186e4bbccfd4996cb3dc -> 
  custom:container-muxer-webm: aa71ff27fc2769a1b78a27578f13a17b -> 
  custom:container-demuxer-webm: 4f35f7cbe854078d1ac9338744f61a02 -> 
  custom:container-demuxer-ogg: 62fdf1f143b41e24485cea50d1cbac27 -> 
  custom:video-encoder-webm-vp8: eb34c28f22e8b96e1ab97ce403110664 -> 
  custom:video-decoder-webm-vp8: 9c59270c3fd7afecdb556c50c9e8de78 -> 
  custom:audio-decoder-ogg-vorbis: bf7c407c2cedff20999df2af8eb42d56 -> 
  custom:audio-encoder-webm-vorbis: bf7c407c2cedff20999df2af8eb42d56 -> 
========================================================================
Received Prepare
Registering precompiled user dll's ...
Registered in 0.152082 seconds.
Begin MonoManager ReloadAssembly
Native extension for WindowsStandalone target not found
Native extension for WebGL target not found
Refreshing native plugins compatible for Editor in 0.94 ms, found 2 plugins.
Preloading 0 native plugins for Editor in 0.00 ms.
Mono: successfully reloaded assembly
- Completed reload, in  2.035 seconds
Domain Reload Profiling:
	ReloadAssembly (2036ms)
		BeginReloadAssembly (417ms)
			ExecutionOrderSort (0ms)
			DisableScriptedObjects (11ms)
			BackupInstance (0ms)
			ReleaseScriptingObjects (2ms)
			CreateAndSetChildDomain (103ms)
		EndReloadAssembly (1482ms)
			LoadAssemblies (337ms)
			RebuildTransferFunctionScriptingTraits (0ms)
			SetupTypeCache (464ms)
			ReleaseScriptCaches (2ms)
			RebuildScriptCaches (57ms)
			SetupLoadedEditorAssemblies (504ms)
				LogAssemblyErrors (0ms)
				InitializePlatformSupportModulesInManaged (14ms)
				SetLoadedEditorAssemblies (1ms)
				RefreshPlugins (1ms)
				BeforeProcessingInitializeOnLoad (153ms)
				ProcessInitializeOnLoadAttributes (313ms)
				ProcessInitializeOnLoadMethodAttributes (13ms)
				AfterProcessingInitializeOnLoad (9ms)
				EditorAssembliesLoaded (0ms)
			ExecutionOrderSort2 (0ms)
			AwakeInstancesAfterBackupRestoration (10ms)
Platform modules already initialized, skipping
Refreshing native plugins compatible for Editor in 0.62 ms, found 2 plugins.
Preloading 0 native plugins for Editor in 0.00 ms.
Unloading 1505 Unused Serialized files (Serialized files now loaded: 0)
System memory in use before: 80.4 MB.
System memory in use after: 80.3 MB.

Unloading 18 unused Assets to reduce memory usage. Loaded Objects now: 2008.
Total: 15.311400 ms (FindLiveObjects: 0.278900 ms CreateObjectMapping: 0.090700 ms MarkObjects: 14.670500 ms  DeleteObjects: 0.269600 ms)

AssetImportParameters requested are different than current active one (requested -> active):
  custom:framework-win-MediaFoundation: 216162199b28c13a410421893ffa2e32 -> 
  custom:video-decoder-ogg-theora: a1e56fd34408186e4bbccfd4996cb3dc -> 
  custom:container-muxer-webm: aa71ff27fc2769a1b78a27578f13a17b -> 
  custom:container-demuxer-webm: 4f35f7cbe854078d1ac9338744f61a02 -> 
  custom:container-demuxer-ogg: 62fdf1f143b41e24485cea50d1cbac27 -> 
  custom:video-encoder-webm-vp8: eb34c28f22e8b96e1ab97ce403110664 -> 
  custom:video-decoder-webm-vp8: 9c59270c3fd7afecdb556c50c9e8de78 -> 
  custom:audio-decoder-ogg-vorbis: bf7c407c2cedff20999df2af8eb42d56 -> 
  custom:audio-encoder-webm-vorbis: bf7c407c2cedff20999df2af8eb42d56 -> 
========================================================================
Received Prepare
Registering precompiled user dll's ...
Registered in 0.005741 seconds.
Begin MonoManager ReloadAssembly
Native extension for WindowsStandalone target not found
Native extension for WebGL target not found
Refreshing native plugins compatible for Editor in 0.49 ms, found 2 plugins.
Preloading 0 native plugins for Editor in 0.00 ms.
Mono: successfully reloaded assembly
- Completed reload, in  5.261 seconds
Domain Reload Profiling:
	ReloadAssembly (5261ms)
		BeginReloadAssembly (471ms)
			ExecutionOrderSort (0ms)
			DisableScriptedObjects (280ms)
			BackupInstance (0ms)
			ReleaseScriptingObjects (0ms)
			CreateAndSetChildDomain (49ms)
		EndReloadAssembly (4703ms)
			LoadAssemblies (188ms)
			RebuildTransferFunctionScriptingTraits (0ms)
			SetupTypeCache (701ms)
			ReleaseScriptCaches (3ms)
			RebuildScriptCaches (2752ms)
			SetupLoadedEditorAssemblies (509ms)
				LogAssemblyErrors (0ms)
				InitializePlatformSupportModulesInManaged (8ms)
				SetLoadedEditorAssemblies (1ms)
				RefreshPlugins (1ms)
				BeforeProcessingInitializeOnLoad (171ms)
				ProcessInitializeOnLoadAttributes (297ms)
				ProcessInitializeOnLoadMethodAttributes (14ms)
				AfterProcessingInitializeOnLoad (17ms)
				EditorAssembliesLoaded (0ms)
			ExecutionOrderSort2 (0ms)
			AwakeInstancesAfterBackupRestoration (9ms)
Platform modules already initialized, skipping
Refreshing native plugins compatible for Editor in 0.64 ms, found 2 plugins.
Preloading 0 native plugins for Editor in 0.00 ms.
Unloading 1505 Unused Serialized files (Serialized files now loaded: 0)
System memory in use before: 80.4 MB.
System memory in use after: 80.3 MB.

Unloading 18 unused Assets to reduce memory usage. Loaded Objects now: 2010.
Total: 6.527800 ms (FindLiveObjects: 0.229600 ms CreateObjectMapping: 0.069800 ms MarkObjects: 5.896900 ms  DeleteObjects: 0.329400 ms)

AssetImportParameters requested are different than current active one (requested -> active):
  custom:framework-win-MediaFoundation: 216162199b28c13a410421893ffa2e32 -> 
  custom:video-decoder-ogg-theora: a1e56fd34408186e4bbccfd4996cb3dc -> 
  custom:container-muxer-webm: aa71ff27fc2769a1b78a27578f13a17b -> 
  custom:container-demuxer-webm: 4f35f7cbe854078d1ac9338744f61a02 -> 
  custom:container-demuxer-ogg: 62fdf1f143b41e24485cea50d1cbac27 -> 
  custom:video-encoder-webm-vp8: eb34c28f22e8b96e1ab97ce403110664 -> 
  custom:video-decoder-webm-vp8: 9c59270c3fd7afecdb556c50c9e8de78 -> 
  custom:audio-decoder-ogg-vorbis: bf7c407c2cedff20999df2af8eb42d56 -> 
  custom:audio-encoder-webm-vorbis: bf7c407c2cedff20999df2af8eb42d56 -> 
